<?xml version="1.0" encoding="UTF-8"?>
<!-- Generated by org.testng.reporters.JUnitReportReporter -->
<testsuite hostname="MuraliKrishnaK" failures="0" tests="1" name="com.fitpeo.testcases.FitpeoAssessment" time="9.572" errors="0" timestamp="2024-08-03T23:18:25 IST" skipped="0">
  <testcase classname="com.fitpeo.testcases.FitpeoAssessment" name="testCases" time="9.572"/>
</testsuite> <!-- com.fitpeo.testcases.FitpeoAssessment -->
